<?xml version="1.0" encoding="UTF-8"?>
<testsuites name="jest tests" tests="3" failures="0" time="0.173">
  <testsuite name="Funkcja rectangleArea" errors="0" failures="0" skipped="0" timestamp="2023-01-25T12:28:37" time="0.164" tests="3">
    <testcase classname="Funkcja rectangleArea powinna zwracać liczbę" name="Funkcja rectangleArea powinna zwracać liczbę" time="0.002">
    </testcase>
    <testcase classname="Funkcja rectangleArea powinna zwrócić poprawne pole prostokąta" name="Funkcja rectangleArea powinna zwrócić poprawne pole prostokąta" time="0.001">
    </testcase>
    <testcase classname="Funkcja rectangleArea powinna zwrócić wartość NaN gdy parametry są nieprawidłowe" name="Funkcja rectangleArea powinna zwrócić wartość NaN gdy parametry są nieprawidłowe" time="0.002">
    </testcase>
  </testsuite>
</testsuites>